Drill report for yoradio-3.kicad_pcb
Created on 2025-08-31T22:05:31+0200

Copper Layer Stackup:
    =============================================================
    L1 :  F.Cu                      front
    L2 :  B.Cu                      back


Drill file 'yoradio-3-PTH.drl' contains
    plated through holes:
    =============================================================
    T1  0,300mm  0,0118"  (6 holes)
    T2  0,500mm  0,0197"  (2 holes)
    T3  0,750mm  0,0295"  (4 holes)
    T4  0,762mm  0,0300"  (18 holes)
    T5  0,800mm  0,0315"  (46 holes)
    T6  1,000mm  0,0394"  (5 holes)
    T7  1,190mm  0,0469"  (4 holes)
    T8  1,500mm  0,0591"  (2 holes)  (with 2 slots)

    Total plated holes count 87


Drill file 'yoradio-3-NPTH.drl' contains
    unplated through holes:
    =============================================================
    T1  2,500mm  0,0984"  (7 holes)

    Total unplated holes count 7
